<?xml version="1.0" encoding="UTF-8"?>
<!-- Generated by org.testng.reporters.JUnitReportReporter -->
<testsuite skipped="0" hostname="BISWAJEET-DELL" name="testCases.testCase3" tests="1" failures="0" timestamp="26 Jun 2020 19:03:10 GMT" time="27.863" errors="0">
  <testcase name="accountRegistration" time="27.863" classname="testCases.testCase3"/>
</testsuite> <!-- testCases.testCase3 -->
