<?xml version="1.0" encoding="UTF-8"?>
<!-- Generated by org.testng.reporters.JUnitReportReporter -->
<testsuite skipped="0" hostname="BISWAJEET-DELL" name="testCases.testCase1" tests="1" failures="0" timestamp="29 Jun 2020 18:16:51 GMT" time="30.269" errors="0">
  <testcase name="launchGooglePage" time="30.269" classname="testCases.testCase1"/>
</testsuite> <!-- testCases.testCase1 -->
