<?xml version="1.0" encoding="UTF-8"?>
<!-- Generated by org.testng.reporters.JUnitReportReporter -->
<testsuite skipped="0" hostname="BISWAJEET-DELL" name="travelSite.testCase2" tests="1" failures="0" timestamp="08 Sep 2019 14:09:23 GMT" time="37.479" errors="0">
  <testcase name="launchMMT" time="37.479" classname="travelSite.testCase2"/>
</testsuite> <!-- travelSite.testCase2 -->
