<?xml version="1.0" encoding="UTF-8"?>
<!-- Generated by org.testng.reporters.JUnitReportReporter -->
<testsuite skipped="0" hostname="BISWAJEET-DELL" name="testCases.testCase4" tests="1" failures="0" timestamp="26 Jun 2020 06:48:59 GMT" time="51.313" errors="0">
  <testcase name="login" time="51.313" classname="testCases.testCase4"/>
</testsuite> <!-- testCases.testCase4 -->
