<?xml version="1.0" encoding="UTF-8"?>
<!-- Generated by org.testng.reporters.JUnitReportReporter -->
<testsuite skipped="0" hostname="BISWAJEET-DELL" name="travelSite.testCase1" tests="1" failures="0" timestamp="14 Apr 2020 19:28:10 GMT" time="86.759" errors="0">
  <testcase name="launchGooglePage" time="86.759" classname="travelSite.testCase1"/>
</testsuite> <!-- travelSite.testCase1 -->
