<?xml version="1.0" encoding="UTF-8"?>
<!-- Generated by org.testng.reporters.JUnitReportReporter -->
<testsuite skipped="0" hostname="BISWAJEET-DELL" name="testCases.testCase5" tests="1" failures="0" timestamp="25 Jun 2020 18:42:45 GMT" time="87.286" errors="0">
  <testcase name="search" time="87.286" classname="testCases.testCase5"/>
</testsuite> <!-- testCases.testCase5 -->
