<?xml version="1.0" encoding="UTF-8"?>
<!-- Generated by org.testng.reporters.JUnitReportReporter -->
<testsuite skipped="0" hostname="BISWAJEET-DELL" name="testCases.testCase2" tests="1" failures="0" timestamp="30 Jun 2020 07:17:37 GMT" time="57.910" errors="0">
  <testcase name="launchMMT" time="57.910" classname="testCases.testCase2"/>
</testsuite> <!-- testCases.testCase2 -->
