<?xml version="1.0" encoding="UTF-8"?>
<!-- Generated by org.testng.reporters.JUnitReportReporter -->
<testsuite skipped="0" hostname="BISWAJEET-DELL" name="travelSite.testCase4" tests="1" failures="0" timestamp="06 Oct 2019 15:02:37 GMT" time="77.693" errors="0">
  <testcase name="login" time="77.693" classname="travelSite.testCase4"/>
</testsuite> <!-- travelSite.testCase4 -->
