<?xml version="1.0" encoding="UTF-8"?>
<!-- Generated by org.testng.reporters.JUnitReportReporter -->
<testsuite skipped="0" hostname="BISWAJEET-DELL" name="travelSite.testCase5" tests="1" failures="0" timestamp="04 May 2020 18:28:18 GMT" time="29.348" errors="0">
  <testcase name="search" time="29.348" classname="travelSite.testCase5"/>
</testsuite> <!-- travelSite.testCase5 -->
