<?xml version="1.0" encoding="UTF-8"?>
<!-- Generated by org.testng.reporters.JUnitReportReporter -->
<testsuite skipped="0" hostname="BISWAJEET-DELL" name="testCases.testCase1" tests="1" failures="0" timestamp="02 Jul 2020 18:27:21 GMT" time="27.257" errors="0">
  <testcase name="launchGooglePage" time="27.257" classname="testCases.testCase1"/>
</testsuite> <!-- testCases.testCase1 -->
